


ARM Macro Assembler    Page 1 


    1 00000000         ; generated by Component: ARM Compiler 5.06 update 6 (bu
                       ild 750) Tool: ArmCC [4d3637]
    2 00000000         ; commandline ArmCC [--c99 --split_sections --debug -c -
                       S -o.\flash\obj\gui_spy.s --depend=.\flash\obj\gui_spy.d
                        --cpu=Cortex-M4.fp --apcs=interwork -O0 --diag_suppress
                       =9931,870 -I..\..\User -I..\..\Libraries\STM32F4xx_StdPe
                       riph_Driver\inc -I..\..\Libraries\STM32F4x7_ETH_Driver\i
                       nc -I..\..\Libraries\CMSIS\Device\ST\STM32F4xx\Include -
                       I..\..\FreeRTOS\include -I..\..\FreeRTOS\portable\RVDS\A
                       RM_CM4F -I..\..\FreeRTOS-Plus-TCP\include -I..\..\FreeRT
                       OS-Plus-TCP\portable\Compiler\ARMCC -I..\..\FreeRTOS-Plu
                       s-TCP\portable\NetworkInterface\include -I..\..\User\bsp
                       _stm32f4xx -I..\..\User\bsp_stm32f4xx\inc -I..\..\User\t
                       ask\inc -I..\..\Libraries\CMSIS\Include -I..\..\Librarie
                       s\mavlink\v1.0 -I..\..\Libraries\mavlink\v1.0\ground_sta
                       tion -I..\..\Libraries\STM32_USB_OTG_Driver\inc -I..\..\
                       Libraries\STM32_USB_Device_Library\Core\inc -I..\..\Libr
                       aries\STM32_USB_Device_Library\Class\cdc\inc -I..\..\Use
                       r\usb_vcp\inc -I..\..\Libraries\STemWin\Config -I..\..\L
                       ibraries\STemWin\inc -I..\..\User\gui\inc -I..\..\FreeRT
                       OS-Plus-FAT\include -I..\..\FreeRTOS-Plus-FAT\portable\c
                       ommon -I..\..\FreeRTOS-Plus-CLI -I..\..\User\cli -I..\..
                       \Libraries\STemWin\PNG -I..\..\User\k_modules -I.\RTE\_F
                       lash -Id:\Keil_v5\ARM\PACK\ARM\CMSIS\5.4.0\CMSIS\Core\In
                       clude -Id:\Keil_v5\ARM\PACK\Keil\STM32F4xx_DFP\2.13.0\Dr
                       ivers\CMSIS\Device\ST\STM32F4xx\Include -D__MICROLIB -D_
                       _UVISION_VERSION=526 -D_RTE_ -DSTM32F407xx -DSTM32F40_41
                       xxx -DUSE_STDPERIPH_DRIVER -DUSE_FULL_ASSERT -DARM_MATH_
                       CM4 -DUSE_USB_OTG_FS -W --omf_browse=.\flash\obj\gui_spy
                       .crf ..\..\User\gui\src\GUI_SPY.c]
    3 00000000                 THUMB
    4 00000000                 REQUIRE8
    5 00000000                 PRESERVE8
    6 00000000         
    7 00000000                 AREA             ||i.GUI_SPY_X_StartServer||, CO
DE, READONLY, ALIGN=2
    8 00000000         
    9 00000000         GUI_SPY_X_StartServer
                               PROC
   10 00000000 B51C            PUSH             {r2-r4,lr}
   11 00000002 4806            LDR              r0,|L0.28|
   12 00000004 2102            MOVS             r1,#2
   13 00000006 2300            MOVS             r3,#0
   14 00000008 020A            LSLS             r2,r1,#8
   15 0000000A E9CD 1000       STRD             r1,r0,[sp,#0]
   16 0000000E A104            ADR              r1,|L0.32|
   17 00000010 4807            LDR              r0,|L0.48|
   18 00000012 F7FF FFFE       BL               xTaskCreate
   19 00000016 2000            MOVS             r0,#0
   20 00000018 BD1C            POP              {r2-r4,pc}
   21 0000001A                 ENDP
   22 0000001A         
   23 0000001A 00 00           DCW              0x0000
   24 0000001C         |L0.28|
   25 0000001C 00000000        DCD              Task_TCPHandler
   26 00000020         |L0.32|
   27 00000020 53 50 59 
              2D 53 65 
              72 76 65 



ARM Macro Assembler    Page 2 


              72 28 54 
              43 50 29 
              00               DCB              "SPY-Server(TCP)",0
   28 00000030         |L0.48|
   29 00000030 00000000        DCD              _ServerTask_TCP
   30 00000034         
   31 00000034                 AREA             ||i._Recv_TCP||, CODE, READONLY
, ALIGN=1
   32 00000000         
   33 00000000         _Recv_TCP
                               PROC
   34 00000000 E92D 41F0       PUSH             {r4-r8,lr}
   35 00000004 4604            MOV              r4,r0
   36 00000006 460D            MOV              r5,r1
   37 00000008 4616            MOV              r6,r2
   38 0000000A 46B0            MOV              r8,r6
   39 0000000C 2300            MOVS             r3,#0
   40 0000000E 462A            MOV              r2,r5
   41 00000010 4621            MOV              r1,r4
   42 00000012 4640            MOV              r0,r8
   43 00000014 F7FF FFFE       BL               FreeRTOS_recv
   44 00000018 4607            MOV              r7,r0
   45 0000001A 4638            MOV              r0,r7
   46 0000001C E8BD 81F0       POP              {r4-r8,pc}
   47 00000020                 ENDP
   48 00000020         
   49 00000020         
   50 00000020                 AREA             ||i._Send_TCP||, CODE, READONLY
, ALIGN=1
   51 00000000         
   52 00000000         _Send_TCP
                               PROC
   53 00000000 E92D 41F0       PUSH             {r4-r8,lr}
   54 00000004 4605            MOV              r5,r0
   55 00000006 460E            MOV              r6,r1
   56 00000008 4614            MOV              r4,r2
   57 0000000A 46A0            MOV              r8,r4
   58 0000000C 2300            MOVS             r3,#0
   59 0000000E 4632            MOV              r2,r6
   60 00000010 4629            MOV              r1,r5
   61 00000012 F8D8 0000       LDR              r0,[r8,#0]
   62 00000016 F7FF FFFE       BL               FreeRTOS_send
   63 0000001A 4607            MOV              r7,r0
   64 0000001C 4638            MOV              r0,r7
   65 0000001E E8BD 81F0       POP              {r4-r8,pc}
   66 00000022                 ENDP
   67 00000022         
   68 00000022         
   69 00000022                 AREA             ||i._ServerTask_TCP||, CODE, RE
ADONLY, ALIGN=2
   70 00000000         
   71 00000000         _ServerTask_TCP
                               PROC
   72 00000000 B088            SUB              sp,sp,#0x20
   73 00000002 2008            MOVS             r0,#8
   74 00000004 9003            STR              r0,[sp,#0xc]
   75 00000006 BF00            NOP
   76 00000008 2206            MOVS             r2,#6
   77 0000000A 2101            MOVS             r1,#1



ARM Macro Assembler    Page 3 


   78 0000000C 2002            MOVS             r0,#2
   79 0000000E F7FF FFFE       BL               FreeRTOS_socket
   80 00000012 4604            MOV              r4,r0
   81 00000014 1C60            ADDS             r0,r4,#1
   82 00000016 B108            CBZ              r0,|L3.28|
   83 00000018 2001            MOVS             r0,#1
   84 0000001A E000            B                |L3.30|
   85 0000001C         |L3.28|
   86 0000001C 2000            MOVS             r0,#0
   87 0000001E         |L3.30|
   88 0000001E B950            CBNZ             r0,|L3.54|
   89 00000020 BF00            NOP
   90 00000022 2050            MOVS             r0,#0x50
   91 00000024 F380 8811       MSR              BASEPRI,r0
   92 00000028 F3BF 8F4F       DSB
   93 0000002C F3BF 8F6F       ISB
   94 00000030 BF00            NOP
   95 00000032 BF00            NOP
   96 00000034         |L3.52|
   97 00000034 E7FE            B                |L3.52|
   98 00000036         |L3.54|
   99 00000036 2004            MOVS             r0,#4
  100 00000038 4B28            LDR              r3,|L3.220|
  101 0000003A 2200            MOVS             r2,#0
  102 0000003C 4611            MOV              r1,r2
  103 0000003E 9000            STR              r0,[sp,#0]
  104 00000040 4620            MOV              r0,r4
  105 00000042 F7FF FFFE       BL               FreeRTOS_setsockopt
  106 00000046 F640 10A4       MOV              r0,#0x9a4
  107 0000004A F8AD 0012       STRH             r0,[sp,#0x12]
  108 0000004E F8BD 0012       LDRH             r0,[sp,#0x12]
  109 00000052 0200            LSLS             r0,r0,#8
  110 00000054 F8BD 1012       LDRH             r1,[sp,#0x12]
  111 00000058 EA40 2021       ORR              r0,r0,r1,ASR #8
  112 0000005C B280            UXTH             r0,r0
  113 0000005E F8AD 0012       STRH             r0,[sp,#0x12]
  114 00000062 2208            MOVS             r2,#8
  115 00000064 A904            ADD              r1,sp,#0x10
  116 00000066 4620            MOV              r0,r4
  117 00000068 F7FF FFFE       BL               FreeRTOS_bind
  118 0000006C 2114            MOVS             r1,#0x14
  119 0000006E 4620            MOV              r0,r4
  120 00000070 F7FF FFFE       BL               FreeRTOS_listen
  121 00000074 BF00            NOP
  122 00000076         |L3.118|
  123 00000076 AA03            ADD              r2,sp,#0xc
  124 00000078 A906            ADD              r1,sp,#0x18
  125 0000007A 4620            MOV              r0,r4
  126 0000007C F7FF FFFE       BL               FreeRTOS_accept
  127 00000080 9002            STR              r0,[sp,#8]
  128 00000082 9802            LDR              r0,[sp,#8]
  129 00000084 1C40            ADDS             r0,r0,#1
  130 00000086 B108            CBZ              r0,|L3.140|
  131 00000088 2001            MOVS             r0,#1
  132 0000008A E000            B                |L3.142|
  133 0000008C         |L3.140|
  134 0000008C 2000            MOVS             r0,#0
  135 0000008E         |L3.142|
  136 0000008E B950            CBNZ             r0,|L3.166|



ARM Macro Assembler    Page 4 


  137 00000090 BF00            NOP
  138 00000092 2050            MOVS             r0,#0x50
  139 00000094 F380 8811       MSR              BASEPRI,r0
  140 00000098 F3BF 8F4F       DSB
  141 0000009C F3BF 8F6F       ISB
  142 000000A0 BF00            NOP
  143 000000A2 BF00            NOP
  144 000000A4         |L3.164|
  145 000000A4 E7FE            B                |L3.164|
  146 000000A6         |L3.166|
  147 000000A6 2004            MOVS             r0,#4
  148 000000A8 4B0D            LDR              r3,|L3.224|
  149 000000AA 2200            MOVS             r2,#0
  150 000000AC 4611            MOV              r1,r2
  151 000000AE 9000            STR              r0,[sp,#0]
  152 000000B0 9802            LDR              r0,[sp,#8]
  153 000000B2 F7FF FFFE       BL               FreeRTOS_setsockopt
  154 000000B6 2004            MOVS             r0,#4
  155 000000B8 4B0A            LDR              r3,|L3.228|
  156 000000BA 2201            MOVS             r2,#1
  157 000000BC 2100            MOVS             r1,#0
  158 000000BE 9000            STR              r0,[sp,#0]
  159 000000C0 9802            LDR              r0,[sp,#8]
  160 000000C2 F7FF FFFE       BL               FreeRTOS_setsockopt
  161 000000C6 AA02            ADD              r2,sp,#8
  162 000000C8 4907            LDR              r1,|L3.232|
  163 000000CA 4808            LDR              r0,|L3.236|
  164 000000CC F7FF FFFE       BL               GUI_SPY_Process
  165 000000D0 2000            MOVS             r0,#0
  166 000000D2 9002            STR              r0,[sp,#8]
  167 000000D4 9802            LDR              r0,[sp,#8]
  168 000000D6 F7FF FFFE       BL               FreeRTOS_closesocket
  169 000000DA E7CC            B                |L3.118|
  170 000000DC                 ENDP
  171 000000DC         
  172 000000DC         |L3.220|
  173 000000DC 00000000        DCD              TimeOut
  174 000000E0         |L3.224|
  175 000000E0 00000000        DCD              xReceiveTimeOut
  176 000000E4         |L3.228|
  177 000000E4 00000000        DCD              xSendTimeOut
  178 000000E8         |L3.232|
  179 000000E8 00000000        DCD              _Recv_TCP
  180 000000EC         |L3.236|
  181 000000EC 00000000        DCD              _Send_TCP
  182 000000F0         
  183 000000F0                 AREA             ||.arm_vfe_header||, DATA, READ
ONLY, NOALLOC, ALIGN=2
  184 00000000         
  185 00000000 00000000        DCD              0x00000000
  186 00000004         
  187 00000004                 AREA             ||.constdata||, DATA, READONLY,
 ALIGN=2
  188 00000000         
  189 00000000         TimeOut
  190 00000000 FFFFFFFF        DCD              0xffffffff
  191 00000004         xReceiveTimeOut
  192 00000004 000003E8        DCD              0x000003e8
  193 00000008         xSendTimeOut



ARM Macro Assembler    Page 5 


  194 00000008 000003E8        DCD              0x000003e8
  195 0000000C         
  196 0000000C                 AREA             ||.data||, DATA, ALIGN=2
  197 00000000         
  198 00000000         Task_TCPHandler
  199 00000000 00000000        DCD              0x00000000
  200 00000004         
  201 00000004         ;*** Start embedded assembler ***
  202 00000004         
  203 00000004         #line   1                "..\\..\\User\\gui\\src\\GUI_SP
Y.c"
    1 00000004                 AREA             ||.rev16_text||, CODE
    2 00000000                 THUMB
    3 00000000                 EXPORT           |__asm___9_GUI_SPY_c_d9ddf643__
__REV16|
    4 00000000         #line   138              "..\\..\\Libraries\\CMSIS\\Incl
ude\\core_cmInstr.h"
  138 00000000         |__asm___9_GUI_SPY_c_d9ddf643____REV16|
                               PROC
  139 00000000         #line   139
  139 00000000         
  140 00000000 BA40            rev16            r0, r0
  141 00000002 4770            bx               lr
  142 00000004                 ENDP
  143 00000004                 AREA             ||.revsh_text||, CODE
  144 00000000                 THUMB
  145 00000000                 EXPORT           |__asm___9_GUI_SPY_c_d9ddf643__
__REVSH|
  146 00000000         #line   153
  153 00000000         |__asm___9_GUI_SPY_c_d9ddf643____REVSH|
                               PROC
  154 00000000         #line   154
  154 00000000         
  155 00000000 BAC0            revsh            r0, r0
  156 00000002 4770            bx               lr
  157 00000004                 ENDP
  158 00000004                 AREA             ||.rrx_text||, CODE
  159 00000000                 THUMB
  160 00000000                 EXPORT           |__asm___9_GUI_SPY_c_d9ddf643__
__RRX|
  161 00000000         #line   328
  328 00000000         |__asm___9_GUI_SPY_c_d9ddf643____RRX|
                               PROC
  329 00000000         #line   329
  329 00000000         
  330 00000000 EA4F 0030       rrx              r0, r0
  331 00000004 4770            bx               lr
  332 00000006                 ENDP
  333 00000006         
  334 00000006         ;*** End   embedded assembler ***
  335 00000006         
  336 00000006                 EXPORT           GUI_SPY_X_StartServer [CODE]
  337 00000006         
  338 00000006                 IMPORT           ||Lib$$Request$$armlib|| [CODE,
WEAK]
  339 00000006                 IMPORT           FreeRTOS_send [CODE]
  340 00000006                 IMPORT           FreeRTOS_recv [CODE]
  341 00000006                 IMPORT           FreeRTOS_socket [CODE]
  342 00000006                 IMPORT           FreeRTOS_setsockopt [CODE]



ARM Macro Assembler    Page 6 


  343 00000006                 IMPORT           FreeRTOS_bind [CODE]
  344 00000006                 IMPORT           FreeRTOS_listen [CODE]
  345 00000006                 IMPORT           FreeRTOS_accept [CODE]
  346 00000006                 IMPORT           GUI_SPY_Process [CODE]
  347 00000006                 IMPORT           FreeRTOS_closesocket [CODE]
  348 00000006                 IMPORT           xTaskCreate [CODE]
  349 00000006         
  350 00000006                 KEEP             _Recv_TCP
  351 00000006                 KEEP             _Send_TCP
  352 00000006                 KEEP             _ServerTask_TCP
  353 00000006                 KEEP             TimeOut
  354 00000006                 KEEP             xReceiveTimeOut
  355 00000006                 KEEP             xSendTimeOut
  356 00000006                 KEEP             Task_TCPHandler
  357 00000006         
  358 00000006                 ATTR             FILESCOPE
  359 00000006                 ATTR             SETVALUE Tag_ABI_PCS_wchar_t,2
  360 00000006                 ATTR             SETVALUE Tag_ABI_enum_size,1
  361 00000006                 ATTR             SETVALUE Tag_ABI_optimization_g
oals,6
  362 00000006                 ATTR             SETSTRING Tag_conformance,"2.09
"
  363 00000006                 ATTR             SETVALUE AV,18,1
  364 00000006         
  365 00000006                 ASSERT           {ENDIAN} = "little"
  366 00000006                 ASSERT           {INTER} = {TRUE}
  367 00000006                 ASSERT           {ROPI} = {FALSE}
  368 00000006                 ASSERT           {RWPI} = {FALSE}
  369 00000006                 ASSERT           {IEEE_FULL} = {FALSE}
  370 00000006                 ASSERT           {IEEE_PART} = {FALSE}
  371 00000006                 ASSERT           {IEEE_JAVA} = {FALSE}
  372 00000006                 END
Command Line: --debug --xref --diag_suppress=9931 --cpu=Cortex-M4.fp --apcs=int
erwork -o.\flash\obj\gui_spy.o -I.\RTE\_Flash -Id:\Keil_v5\ARM\PACK\ARM\CMSIS\5
.4.0\CMSIS\Core\Include -Id:\Keil_v5\ARM\PACK\Keil\STM32F4xx_DFP\2.13.0\Drivers
\CMSIS\Device\ST\STM32F4xx\Include --predefine="__MICROLIB SETA 1" --predefine=
"__UVISION_VERSION SETA 526" --predefine="_RTE_ SETA 1" --predefine="STM32F407x
x SETA 1" --list=.\flash\list\gui_spy.lst .\flash\obj\gui_spy.s



ARM Macro Assembler    Page 1 Alphabetic symbol ordering
Relocatable symbols

GUI_SPY_X_StartServer 00000000

Symbol: GUI_SPY_X_StartServer
   Definitions
      At line 9 in file .\flash\obj\gui_spy.s
   Uses
      At line 336 in file ..\\..\\Libraries\\CMSIS\\Include\\core_cmInstr.h
Comment: GUI_SPY_X_StartServer used once
L0.28 0000001C

Symbol: L0.28
   Definitions
      At line 24 in file .\flash\obj\gui_spy.s
   Uses
      At line 11 in file .\flash\obj\gui_spy.s
Comment: L0.28 used once
L0.32 00000020

Symbol: L0.32
   Definitions
      At line 26 in file .\flash\obj\gui_spy.s
   Uses
      At line 16 in file .\flash\obj\gui_spy.s
Comment: L0.32 used once
L0.48 00000030

Symbol: L0.48
   Definitions
      At line 28 in file .\flash\obj\gui_spy.s
   Uses
      At line 17 in file .\flash\obj\gui_spy.s
Comment: L0.48 used once
|i.GUI_SPY_X_StartServer| 00000000

Symbol: |i.GUI_SPY_X_StartServer|
   Definitions
      At line 7 in file .\flash\obj\gui_spy.s
   Uses
      None
Comment: |i.GUI_SPY_X_StartServer| unused
5 symbols



ARM Macro Assembler    Page 1 Alphabetic symbol ordering
Relocatable symbols

_Recv_TCP 00000000

Symbol: _Recv_TCP
   Definitions
      At line 33 in file .\flash\obj\gui_spy.s
   Uses
      At line 179 in file .\flash\obj\gui_spy.s
      At line 350 in file ..\\..\\Libraries\\CMSIS\\Include\\core_cmInstr.h

|i._Recv_TCP| 00000000

Symbol: |i._Recv_TCP|
   Definitions
      At line 31 in file .\flash\obj\gui_spy.s
   Uses
      None
Comment: |i._Recv_TCP| unused
2 symbols



ARM Macro Assembler    Page 1 Alphabetic symbol ordering
Relocatable symbols

_Send_TCP 00000000

Symbol: _Send_TCP
   Definitions
      At line 52 in file .\flash\obj\gui_spy.s
   Uses
      At line 181 in file .\flash\obj\gui_spy.s
      At line 351 in file ..\\..\\Libraries\\CMSIS\\Include\\core_cmInstr.h

|i._Send_TCP| 00000000

Symbol: |i._Send_TCP|
   Definitions
      At line 50 in file .\flash\obj\gui_spy.s
   Uses
      None
Comment: |i._Send_TCP| unused
2 symbols



ARM Macro Assembler    Page 1 Alphabetic symbol ordering
Relocatable symbols

L3.118 00000076

Symbol: L3.118
   Definitions
      At line 122 in file .\flash\obj\gui_spy.s
   Uses
      At line 169 in file .\flash\obj\gui_spy.s
Comment: L3.118 used once
L3.140 0000008C

Symbol: L3.140
   Definitions
      At line 133 in file .\flash\obj\gui_spy.s
   Uses
      At line 130 in file .\flash\obj\gui_spy.s
Comment: L3.140 used once
L3.142 0000008E

Symbol: L3.142
   Definitions
      At line 135 in file .\flash\obj\gui_spy.s
   Uses
      At line 132 in file .\flash\obj\gui_spy.s
Comment: L3.142 used once
L3.164 000000A4

Symbol: L3.164
   Definitions
      At line 144 in file .\flash\obj\gui_spy.s
   Uses
      At line 145 in file .\flash\obj\gui_spy.s
Comment: L3.164 used once
L3.166 000000A6

Symbol: L3.166
   Definitions
      At line 146 in file .\flash\obj\gui_spy.s
   Uses
      At line 136 in file .\flash\obj\gui_spy.s
Comment: L3.166 used once
L3.220 000000DC

Symbol: L3.220
   Definitions
      At line 172 in file .\flash\obj\gui_spy.s
   Uses
      At line 100 in file .\flash\obj\gui_spy.s
Comment: L3.220 used once
L3.224 000000E0

Symbol: L3.224
   Definitions
      At line 174 in file .\flash\obj\gui_spy.s
   Uses
      At line 148 in file .\flash\obj\gui_spy.s
Comment: L3.224 used once
L3.228 000000E4

Symbol: L3.228



ARM Macro Assembler    Page 2 Alphabetic symbol ordering
Relocatable symbols

   Definitions
      At line 176 in file .\flash\obj\gui_spy.s
   Uses
      At line 155 in file .\flash\obj\gui_spy.s
Comment: L3.228 used once
L3.232 000000E8

Symbol: L3.232
   Definitions
      At line 178 in file .\flash\obj\gui_spy.s
   Uses
      At line 162 in file .\flash\obj\gui_spy.s
Comment: L3.232 used once
L3.236 000000EC

Symbol: L3.236
   Definitions
      At line 180 in file .\flash\obj\gui_spy.s
   Uses
      At line 163 in file .\flash\obj\gui_spy.s
Comment: L3.236 used once
L3.28 0000001C

Symbol: L3.28
   Definitions
      At line 85 in file .\flash\obj\gui_spy.s
   Uses
      At line 82 in file .\flash\obj\gui_spy.s
Comment: L3.28 used once
L3.30 0000001E

Symbol: L3.30
   Definitions
      At line 87 in file .\flash\obj\gui_spy.s
   Uses
      At line 84 in file .\flash\obj\gui_spy.s
Comment: L3.30 used once
L3.52 00000034

Symbol: L3.52
   Definitions
      At line 96 in file .\flash\obj\gui_spy.s
   Uses
      At line 97 in file .\flash\obj\gui_spy.s
Comment: L3.52 used once
L3.54 00000036

Symbol: L3.54
   Definitions
      At line 98 in file .\flash\obj\gui_spy.s
   Uses
      At line 88 in file .\flash\obj\gui_spy.s
Comment: L3.54 used once
_ServerTask_TCP 00000000

Symbol: _ServerTask_TCP
   Definitions
      At line 71 in file .\flash\obj\gui_spy.s
   Uses



ARM Macro Assembler    Page 3 Alphabetic symbol ordering
Relocatable symbols

      At line 29 in file .\flash\obj\gui_spy.s
      At line 352 in file ..\\..\\Libraries\\CMSIS\\Include\\core_cmInstr.h

|i._ServerTask_TCP| 00000000

Symbol: |i._ServerTask_TCP|
   Definitions
      At line 69 in file .\flash\obj\gui_spy.s
   Uses
      None
Comment: |i._ServerTask_TCP| unused
16 symbols



ARM Macro Assembler    Page 1 Alphabetic symbol ordering
Relocatable symbols

|.arm_vfe_header| 00000000

Symbol: |.arm_vfe_header|
   Definitions
      At line 183 in file .\flash\obj\gui_spy.s
   Uses
      None
Comment: |.arm_vfe_header| unused
1 symbol



ARM Macro Assembler    Page 1 Alphabetic symbol ordering
Relocatable symbols

TimeOut 00000000

Symbol: TimeOut
   Definitions
      At line 189 in file .\flash\obj\gui_spy.s
   Uses
      At line 173 in file .\flash\obj\gui_spy.s
      At line 353 in file ..\\..\\Libraries\\CMSIS\\Include\\core_cmInstr.h

xReceiveTimeOut 00000004

Symbol: xReceiveTimeOut
   Definitions
      At line 191 in file .\flash\obj\gui_spy.s
   Uses
      At line 175 in file .\flash\obj\gui_spy.s
      At line 354 in file ..\\..\\Libraries\\CMSIS\\Include\\core_cmInstr.h

xSendTimeOut 00000008

Symbol: xSendTimeOut
   Definitions
      At line 193 in file .\flash\obj\gui_spy.s
   Uses
      At line 177 in file .\flash\obj\gui_spy.s
      At line 355 in file ..\\..\\Libraries\\CMSIS\\Include\\core_cmInstr.h

|.constdata| 00000000

Symbol: |.constdata|
   Definitions
      At line 187 in file .\flash\obj\gui_spy.s
   Uses
      None
Comment: |.constdata| unused
4 symbols



ARM Macro Assembler    Page 1 Alphabetic symbol ordering
Relocatable symbols

Task_TCPHandler 00000000

Symbol: Task_TCPHandler
   Definitions
      At line 198 in file .\flash\obj\gui_spy.s
   Uses
      At line 25 in file .\flash\obj\gui_spy.s
      At line 356 in file ..\\..\\Libraries\\CMSIS\\Include\\core_cmInstr.h

|.data| 00000000

Symbol: |.data|
   Definitions
      At line 196 in file .\flash\obj\gui_spy.s
   Uses
      None
Comment: |.data| unused
2 symbols



ARM Macro Assembler    Page 1 Alphabetic symbol ordering
Relocatable symbols

__asm___9_GUI_SPY_c_d9ddf643____REV16 00000000

Symbol: __asm___9_GUI_SPY_c_d9ddf643____REV16
   Definitions
      At line 138 in file ..\\..\\Libraries\\CMSIS\\Include\\core_cmInstr.h
   Uses
      At line 3 in file ..\\..\\User\\gui\\src\\GUI_SPY.c
Comment: __asm___9_GUI_SPY_c_d9ddf643____REV16 used once
|.rev16_text| 00000000

Symbol: |.rev16_text|
   Definitions
      At line 1 in file ..\\..\\User\\gui\\src\\GUI_SPY.c
   Uses
      None
Comment: |.rev16_text| unused
2 symbols



ARM Macro Assembler    Page 1 Alphabetic symbol ordering
Relocatable symbols

__asm___9_GUI_SPY_c_d9ddf643____REVSH 00000000

Symbol: __asm___9_GUI_SPY_c_d9ddf643____REVSH
   Definitions
      At line 153 in file ..\\..\\Libraries\\CMSIS\\Include\\core_cmInstr.h
   Uses
      At line 145 in file ..\\..\\Libraries\\CMSIS\\Include\\core_cmInstr.h
Comment: __asm___9_GUI_SPY_c_d9ddf643____REVSH used once
|.revsh_text| 00000000

Symbol: |.revsh_text|
   Definitions
      At line 143 in file ..\\..\\Libraries\\CMSIS\\Include\\core_cmInstr.h
   Uses
      None
Comment: |.revsh_text| unused
2 symbols



ARM Macro Assembler    Page 1 Alphabetic symbol ordering
Relocatable symbols

__asm___9_GUI_SPY_c_d9ddf643____RRX 00000000

Symbol: __asm___9_GUI_SPY_c_d9ddf643____RRX
   Definitions
      At line 328 in file ..\\..\\Libraries\\CMSIS\\Include\\core_cmInstr.h
   Uses
      At line 160 in file ..\\..\\Libraries\\CMSIS\\Include\\core_cmInstr.h
Comment: __asm___9_GUI_SPY_c_d9ddf643____RRX used once
|.rrx_text| 00000000

Symbol: |.rrx_text|
   Definitions
      At line 158 in file ..\\..\\Libraries\\CMSIS\\Include\\core_cmInstr.h
   Uses
      None
Comment: |.rrx_text| unused
2 symbols



ARM Macro Assembler    Page 1 Alphabetic symbol ordering
External symbols

FreeRTOS_accept 00000000

Symbol: FreeRTOS_accept
   Definitions
      At line 345 in file ..\\..\\Libraries\\CMSIS\\Include\\core_cmInstr.h
   Uses
      At line 126 in file .\flash\obj\gui_spy.s
Comment: FreeRTOS_accept used once
FreeRTOS_bind 00000000

Symbol: FreeRTOS_bind
   Definitions
      At line 343 in file ..\\..\\Libraries\\CMSIS\\Include\\core_cmInstr.h
   Uses
      At line 117 in file .\flash\obj\gui_spy.s
Comment: FreeRTOS_bind used once
FreeRTOS_closesocket 00000000

Symbol: FreeRTOS_closesocket
   Definitions
      At line 347 in file ..\\..\\Libraries\\CMSIS\\Include\\core_cmInstr.h
   Uses
      At line 168 in file .\flash\obj\gui_spy.s
Comment: FreeRTOS_closesocket used once
FreeRTOS_listen 00000000

Symbol: FreeRTOS_listen
   Definitions
      At line 344 in file ..\\..\\Libraries\\CMSIS\\Include\\core_cmInstr.h
   Uses
      At line 120 in file .\flash\obj\gui_spy.s
Comment: FreeRTOS_listen used once
FreeRTOS_recv 00000000

Symbol: FreeRTOS_recv
   Definitions
      At line 340 in file ..\\..\\Libraries\\CMSIS\\Include\\core_cmInstr.h
   Uses
      At line 43 in file .\flash\obj\gui_spy.s
Comment: FreeRTOS_recv used once
FreeRTOS_send 00000000

Symbol: FreeRTOS_send
   Definitions
      At line 339 in file ..\\..\\Libraries\\CMSIS\\Include\\core_cmInstr.h
   Uses
      At line 62 in file .\flash\obj\gui_spy.s
Comment: FreeRTOS_send used once
FreeRTOS_setsockopt 00000000

Symbol: FreeRTOS_setsockopt
   Definitions
      At line 342 in file ..\\..\\Libraries\\CMSIS\\Include\\core_cmInstr.h
   Uses
      At line 105 in file .\flash\obj\gui_spy.s
      At line 153 in file .\flash\obj\gui_spy.s
      At line 160 in file .\flash\obj\gui_spy.s

FreeRTOS_socket 00000000



ARM Macro Assembler    Page 2 Alphabetic symbol ordering
External symbols


Symbol: FreeRTOS_socket
   Definitions
      At line 341 in file ..\\..\\Libraries\\CMSIS\\Include\\core_cmInstr.h
   Uses
      At line 79 in file .\flash\obj\gui_spy.s
Comment: FreeRTOS_socket used once
GUI_SPY_Process 00000000

Symbol: GUI_SPY_Process
   Definitions
      At line 346 in file ..\\..\\Libraries\\CMSIS\\Include\\core_cmInstr.h
   Uses
      At line 164 in file .\flash\obj\gui_spy.s
Comment: GUI_SPY_Process used once
xTaskCreate 00000000

Symbol: xTaskCreate
   Definitions
      At line 348 in file ..\\..\\Libraries\\CMSIS\\Include\\core_cmInstr.h
   Uses
      At line 18 in file .\flash\obj\gui_spy.s
Comment: xTaskCreate used once
|Lib$$Request$$armlib| 00000000

Symbol: |Lib$$Request$$armlib|
   Definitions
      At line 338 in file ..\\..\\Libraries\\CMSIS\\Include\\core_cmInstr.h
   Uses
      None
Comment: |Lib$$Request$$armlib| unused
11 symbols
384 symbols in table
